<?xml version="1.0" encoding="UTF-8"?>
<!-- Generated by org.testng.reporters.JUnitReportReporter -->
<testsuite hostname="SC-201805181809" name="NewTest" tests="2" failures="0" timestamp="16 Apr 2019 12:59:52 GMT" time="0.007" errors="0">
  <testcase name="f" time="0.001" classname="NewTest"/>
  <testcase name="f" time="0.006" classname="NewTest"/>
</testsuite> <!-- NewTest -->
